<?xml version="1.0" encoding="UTF-8"?>
<!-- Generated by org.testng.reporters.JUnitReportReporter -->
<testsuite hostname="HTSPC91" name="TestBase.Testclass" tests="1" failures="0" timestamp="14 May 2019 12:10:47 GMT" time="13.946" errors="0">
  <testcase name="exe1" time="13.946" classname="TestBase.Testclass"/>
</testsuite> <!-- TestBase.Testclass -->
